<?xml version="1.0" encoding="UTF-8"?>
<testsuite name="demolition.EnemyTest" tests="2" skipped="0" failures="0" errors="0" timestamp="2021-11-05T11:11:15" hostname="DESKTOP-4MELK5E" time="0.099">
  <properties/>
  <testcase name="moveFalseXTest()" classname="demolition.EnemyTest" time="0.05"/>
  <testcase name="moveFalseYTest()" classname="demolition.EnemyTest" time="0.049"/>
  <system-out><![CDATA[]]></system-out>
  <system-err><![CDATA[]]></system-err>
</testsuite>
