<?xml version="1.0" encoding="UTF-8"?>
<testsuite name="demolition.BombGuyTest" tests="8" skipped="0" failures="0" errors="0" timestamp="2021-11-05T11:11:12" hostname="DESKTOP-4MELK5E" time="0.373">
  <properties/>
  <testcase name="testLoadBomb()" classname="demolition.BombGuyTest" time="0.072"/>
  <testcase name="moveXaxisTest()" classname="demolition.BombGuyTest" time="0.051"/>
  <testcase name="moveEnemyXTest()" classname="demolition.BombGuyTest" time="0.05"/>
  <testcase name="moveEnemyYTest()" classname="demolition.BombGuyTest" time="0.043"/>
  <testcase name="moveLeftXTest()" classname="demolition.BombGuyTest" time="0.053"/>
  <testcase name="moveGoalXTest()" classname="demolition.BombGuyTest" time="0.037"/>
  <testcase name="moveUpYTest()" classname="demolition.BombGuyTest" time="0.029"/>
  <testcase name="moveYaxisTest()" classname="demolition.BombGuyTest" time="0.032"/>
  <system-out><![CDATA[]]></system-out>
  <system-err><![CDATA[]]></system-err>
</testsuite>
