<?xml version="1.0" encoding="UTF-8"?>
<testsuite name="demolition.BlockTest" tests="2" skipped="0" failures="0" errors="0" timestamp="2021-11-05T11:11:12" hostname="DESKTOP-4MELK5E" time="0.082">
  <properties/>
  <testcase name="testGetter()" classname="demolition.BlockTest" time="0.04"/>
  <testcase name="testSprite()" classname="demolition.BlockTest" time="0.041"/>
  <system-out><![CDATA[]]></system-out>
  <system-err><![CDATA[]]></system-err>
</testsuite>
