<?xml version="1.0" encoding="UTF-8"?>
<testsuite name="demolition.PlayerTest" tests="1" skipped="0" failures="0" errors="0" timestamp="2021-11-05T11:11:16" hostname="DESKTOP-4MELK5E" time="1.149">
  <properties/>
  <testcase name="testRender()" classname="demolition.PlayerTest" time="1.149"/>
  <system-out><![CDATA[]]></system-out>
  <system-err><![CDATA[]]></system-err>
</testsuite>
