<?xml version="1.0" encoding="UTF-8"?>
<testsuite name="demolition.AppTest" tests="2" skipped="0" failures="0" errors="0" timestamp="2021-11-05T11:11:11" hostname="DESKTOP-4MELK5E" time="0.399">
  <properties/>
  <testcase name="keyTest()" classname="demolition.AppTest" time="0.368"/>
  <testcase name="testLoadImage()" classname="demolition.AppTest" time="0.029"/>
  <system-out><![CDATA[]]></system-out>
  <system-err><![CDATA[]]></system-err>
</testsuite>
